2025-11-11 15:45:31,258{GMT}	INFO	[jepsen test runner] jepsen.core: Command line:
lein run test -w echo --bin ./src/Challenge01.Echo/bin/Debug/net9.0/Challenge01.Echo --node-count 1 --time-limit 10
2025-11-11 15:45:31,277{GMT}	INFO	[jepsen test runner] jepsen.core: Running test:
{:args []
 :remote
 #jepsen.control.retry.Remote{:remote #jepsen.control.scp.Remote{:cmd-remote #jepsen.control.sshj.SSHJRemote{:concurrency-limit 6,
                                                                                                             :conn-spec nil,
                                                                                                             :client nil,
                                                                                                             :semaphore nil},
                                                                 :conn-spec nil},
                              :conn nil}
 :log-net-send false
 :node-count 1
 :availability nil
 :max-txn-length 4
 :concurrency 1
 :db
 #object[maelstrom.db$db$reify__16142
         "0x6f67312d"
         "maelstrom.db$db$reify__16142@6f67312d"]
 :max-writes-per-key 16
 :leave-db-running? false
 :name "echo"
 :logging-json? false
 :start-time
 #object[org.joda.time.DateTime "0x7934164c" "2025-11-11T15:45:31.229-06:00"]
 :nemesis-interval 10
 :net
 #object[maelstrom.net$jepsen_net$reify__15251
         "0x93a793a"
         "maelstrom.net$jepsen_net$reify__15251@93a793a"]
 :client
 #object[maelstrom.workload.echo$client$reify__16863
         "0x232bfb3c"
         "maelstrom.workload.echo$client$reify__16863@232bfb3c"]
 :barrier
 #object[java.util.concurrent.CyclicBarrier
         "0x69cb296c"
         "java.util.concurrent.CyclicBarrier@69cb296c"]
 :log-stderr false
 :pure-generators true
 :ssh {:dummy? true}
 :rate 5
 :checker
 #object[jepsen.checker$compose$reify__11881
         "0x3014c46f"
         "jepsen.checker$compose$reify__11881@3014c46f"]
 :argv
 ("test"
  "-w"
  "echo"
  "--bin"
  "./src/Challenge01.Echo/bin/Debug/net9.0/Challenge01.Echo"
  "--node-count"
  "1"
  "--time-limit"
  "10")
 :nemesis
 (jepsen.nemesis.ReflCompose
  {:fm {:start-partition 0,
        :stop-partition 0,
        :kill 1,
        :start 1,
        :pause 1,
        :resume 1},
   :nemeses [#unprintable "jepsen.nemesis.combined$partition_nemesis$reify__16416@6abd88fe"
             #unprintable "jepsen.nemesis.combined$db_nemesis$reify__16397@16337c8e"]})
 :nodes ["n0"]
 :test-count 1
 :latency {:mean 0, :dist :constant}
 :bin "./src/Challenge01.Echo/bin/Debug/net9.0/Challenge01.Echo"
 :generator
 (jepsen.generator.TimeLimit
  {:limit 10000000000,
   :cutoff nil,
   :gen (jepsen.generator.Any
         {:gens [(jepsen.generator.OnThreads
                  {:f #{:nemesis},
                   :context-filter #object[jepsen.generator.context$make_thread_filter$lazy_filter__9167
                                           "0x527e6bd3"
                                           "jepsen.generator.context$make_thread_filter$lazy_filter__9167@527e6bd3"],
                   :gen nil})
                 (jepsen.generator.OnThreads
                  {:f #jepsen.generator.context.AllBut{:element :nemesis},
                   :context-filter #object[jepsen.generator.context$make_thread_filter$lazy_filter__9167
                                           "0x4867e76b"
                                           "jepsen.generator.context$make_thread_filter$lazy_filter__9167@4867e76b"],
                   :gen (jepsen.generator.Stagger
                         {:dt 400000000,
                          :next-time nil,
                          :gen (jepsen.generator.EachThread
                                {:fresh-gen #object[maelstrom.workload.echo$workload$fn__16882
                                                    "0x6ba3eee9"
                                                    "maelstrom.workload.echo$workload$fn__16882@6ba3eee9"],
                                 :context-filters #object[clojure.core$promise$reify__8591
                                                          "0x1d628a88"
                                                          {:status :pending,
                                                           :val nil}],
                                 :gens {}})})})]})})
 :log-net-recv false
 :os
 #object[maelstrom.net$jepsen_os$reify__15254
         "0x3c634a04"
         "maelstrom.net$jepsen_os$reify__15254@3c634a04"]
 :time-limit 10
 :workload :echo
 :consistency-models [:strict-serializable]
 :topology :grid}

2025-11-11 15:45:31,870{GMT}	INFO	[jepsen node n0] maelstrom.net: Starting Maelstrom network
2025-11-11 15:45:31,871{GMT}	INFO	[jepsen test runner] jepsen.db: Tearing down DB
2025-11-11 15:45:31,871{GMT}	INFO	[jepsen test runner] jepsen.db: Setting up DB
2025-11-11 15:45:31,872{GMT}	INFO	[jepsen node n0] maelstrom.service: Starting services: (lin-kv lin-tso lww-kv seq-kv)
2025-11-11 15:45:31,873{GMT}	INFO	[jepsen node n0] maelstrom.db: Setting up n0
2025-11-11 15:45:31,873{GMT}	INFO	[jepsen node n0] maelstrom.process: launching ./src/Challenge01.Echo/bin/Debug/net9.0/Challenge01.Echo []
2025-11-11 15:45:41,885{GMT}	INFO	[jepsen node n0] maelstrom.db: Tearing down n0
2025-11-11 15:45:42,887{GMT}	INFO	[jepsen node n0] maelstrom.net: Shutting down Maelstrom network
2025-11-11 15:45:42,888{GMT}	WARN	[jepsen test runner] jepsen.core: Test crashed!
clojure.lang.ExceptionInfo: Node n0 crashed with exit status 1. Before crashing, it wrote to STDOUT:



And to STDERR:

Error: Operation is not valid due to the current state of the object.

Full STDERR logs are available in /Users/ramielsayed/projects/fly.io-dist-sys/store/echo/20251111T154531.229-0600/node-logs/n0.log
	at slingshot.support$stack_trace.invoke(support.clj:201)
	at maelstrom.process$stop_node_BANG_.invokeStatic(process.clj:239)
	at maelstrom.process$stop_node_BANG_.invoke(process.clj:217)
	at maelstrom.db$db$reify__16142.teardown_BANG_(db.clj:75)
	at jepsen.db$fn__8744$G__8725__8748.invoke(db.clj:12)
	at jepsen.db$fn__8744$G__8724__8753.invoke(db.clj:12)
	at clojure.core$partial$fn__5908.invoke(core.clj:2642)
	at jepsen.control$on_nodes$fn__8599.invoke(control.clj:314)
	at clojure.lang.AFn.applyToHelper(AFn.java:154)
	at clojure.lang.AFn.applyTo(AFn.java:144)
	at clojure.core$apply.invokeStatic(core.clj:667)
	at clojure.core$with_bindings_STAR_.invokeStatic(core.clj:1990)
	at clojure.core$with_bindings_STAR_.doInvoke(core.clj:1990)
	at clojure.lang.RestFn.applyTo(RestFn.java:142)
	at clojure.core$apply.invokeStatic(core.clj:671)
	at clojure.core$bound_fn_STAR_$fn__5818.doInvoke(core.clj:2020)
	at clojure.lang.RestFn.invoke(RestFn.java:408)
	at dom_top.core$real_pmap_helper$build_thread__211$fn__212.invoke(core.clj:163)
	at clojure.lang.AFn.applyToHelper(AFn.java:152)
	at clojure.lang.AFn.applyTo(AFn.java:144)
	at clojure.core$apply.invokeStatic(core.clj:667)
	at clojure.core$with_bindings_STAR_.invokeStatic(core.clj:1990)
	at clojure.core$with_bindings_STAR_.doInvoke(core.clj:1990)
	at clojure.lang.RestFn.invoke(RestFn.java:425)
	at clojure.lang.AFn.applyToHelper(AFn.java:156)
	at clojure.lang.RestFn.applyTo(RestFn.java:132)
	at clojure.core$apply.invokeStatic(core.clj:671)
	at clojure.core$bound_fn_STAR_$fn__5818.doInvoke(core.clj:2020)
	at clojure.lang.RestFn.invoke(RestFn.java:397)
	at clojure.lang.AFn.run(AFn.java:22)
	at java.base/java.lang.Thread.run(Thread.java:1474)
